<?xml version="1.0" encoding="UTF-8"?>
<!-- Generated by org.testng.reporters.JUnitReportReporter -->
<testsuite hostname="NITIN-HYLA-LT" failures="0" tests="1" name="testcases.IndexPageTest" time="33.941" errors="0" timestamp="26 Sep 2022 11:40:28 GMT">
  <testcase classname="testcases.IndexPageTest" name="SignIn" time="33.941"/>
</testsuite> <!-- testcases.IndexPageTest -->
